<?xml version="1.0" encoding="UTF-8"?>
<testsuites tests="5" failures="0" disabled="0" errors="0" time="0" timestamp="2026-09-20T14:08:15" name="AllTests">
  <testsuite name="OdomKinematics" tests="5" failures="0" disabled="0" errors="0" time="0" timestamp="2026-09-20T14:08:15">
    <testcase name="TranslationIsInCurrentBaseFrame" status="run" result="completed" time="0" timestamp="2026-09-20T14:08:15" classname="go2w_nav2_navigation.OdomKinematics" />
    <testcase name="RotationAcrossPiHasNoWrapSpike" status="run" result="completed" time="0" timestamp="2026-09-20T14:08:15" classname="go2w_nav2_navigation.OdomKinematics" />
    <testcase name="QuaternionSignDoesNotChangeVelocity" status="run" result="completed" time="0" timestamp="2026-09-20T14:08:15" classname="go2w_nav2_navigation.OdomKinematics" />
    <testcase name="MountedImuDoesNotInventBaseTranslationWhenTurning" status="run" result="completed" time="0" timestamp="2026-09-20T14:08:15" classname="go2w_nav2_navigation.OdomKinematics" />
    <testcase name="LeverArmPropagatesOrientationUncertainty" status="run" result="completed" time="0" timestamp="2026-09-20T14:08:15" classname="go2w_nav2_navigation.OdomKinematics" />
  </testsuite>
</testsuites>
