<?xml version="1.0" encoding="UTF-8"?>
<testsuites tests="8" failures="0" disabled="0" errors="0" time="0.004" timestamp="2026-09-20T14:08:14" name="AllTests">
  <testsuite name="ImuPrediction" tests="8" failures="0" disabled="0" errors="0" time="0.004" timestamp="2026-09-20T14:08:14">
    <testcase name="NormalizationGravityAndBias" status="run" result="completed" time="0.001" timestamp="2026-09-20T14:08:14" classname="go2w_nav2_navigation.ImuPrediction" />
    <testcase name="ConstantAccelerationAndDelayedAnchor" status="run" result="completed" time="0.001" timestamp="2026-09-20T14:08:14" classname="go2w_nav2_navigation.ImuPrediction" />
    <testcase name="ConstantYawAndLeverArm" status="run" result="completed" time="0" timestamp="2026-09-20T14:08:14" classname="go2w_nav2_navigation.ImuPrediction" />
    <testcase name="TiltedStationarySensor" status="run" result="completed" time="0.001" timestamp="2026-09-20T14:08:14" classname="go2w_nav2_navigation.ImuPrediction" />
    <testcase name="BoundedTail" status="run" result="completed" time="0.001" timestamp="2026-09-20T14:08:14" classname="go2w_nav2_navigation.ImuPrediction" />
    <testcase name="RejectOldAnchorAndFutureTarget" status="run" result="completed" time="0" timestamp="2026-09-20T14:08:14" classname="go2w_nav2_navigation.ImuPrediction" />
    <testcase name="MissingHistoryAndGap" status="run" result="completed" time="0" timestamp="2026-09-20T14:08:14" classname="go2w_nav2_navigation.ImuPrediction" />
    <testcase name="TimestampRollback" status="run" result="completed" time="0" timestamp="2026-09-20T14:08:14" classname="go2w_nav2_navigation.ImuPrediction" />
  </testsuite>
</testsuites>
